(node:56409) [DEP0205] DeprecationWarning: `module.register()` is deprecated. Use `module.registerHooks()` instead.
(Use `node --trace-deprecation ...` to show where the warning was created)

  VITE v7.3.6  ready in 241 ms

  ➜  Local:   http://127.0.0.1:1426/
2:52:19 PM [vite] (client) hmr update /@fs/Users/bytedance/codes/myself/madinah/src/styles/global.css
2:52:33 PM [vite] (client) hmr update /src/App.tsx, /@fs/Users/bytedance/codes/myself/madinah/src/styles/global.css
2:54:01 PM [vite] (client) hmr update /src/features/engine/EngineProvider.tsx, /src/features/editor/MarkdownEditor.tsx, /@fs/Users/bytedance/codes/myself/madinah/src/styles/global.css
2:54:10 PM [vite] (client) hmr update /src/features/engine/EngineProvider.tsx, /src/features/editor/MarkdownEditor.tsx, /@fs/Users/bytedance/codes/myself/madinah/src/styles/global.css
2:54:21 PM [vite] (client) hmr update /src/features/editor/MarkdownEditor.tsx, /@fs/Users/bytedance/codes/myself/madinah/src/styles/global.css
2:54:29 PM [vite] (client) hmr update /src/features/editor/MarkdownEditor.tsx, /@fs/Users/bytedance/codes/myself/madinah/src/styles/global.css
2:54:40 PM [vite] (client) hmr update /@fs/Users/bytedance/codes/myself/madinah/src/styles/global.css
2:54:48 PM [vite] (client) hmr update /@fs/Users/bytedance/codes/myself/madinah/src/styles/global.css
2:55:32 PM [vite] (client) hmr update /@fs/Users/bytedance/codes/myself/madinah/src/styles/global.css
2:56:06 PM [vite] (client) hmr update /@fs/Users/bytedance/codes/myself/madinah/src/styles/global.css
3:05:37 PM [vite] (client) hmr update /src/features/editor/MarkdownEditor.tsx, /@fs/Users/bytedance/codes/myself/madinah/src/styles/global.css
3:07:10 PM [vite] (client) hmr update /src/features/editor/MarkdownEditor.tsx, /@fs/Users/bytedance/codes/myself/madinah/src/styles/global.css
3:23:10 PM [vite] (client) hmr update /@fs/Users/bytedance/codes/myself/madinah/src/styles/global.css
3:26:30 PM [vite] (client) hmr update /src/features/editor/MarkdownEditor.tsx, /@fs/Users/bytedance/codes/myself/madinah/src/styles/global.css
3:26:41 PM [vite] (client) hmr update /src/features/editor/MarkdownEditor.tsx, /@fs/Users/bytedance/codes/myself/madinah/src/styles/global.css
3:26:58 PM [vite] (client) hmr update /src/features/editor/MarkdownEditor.tsx, /@fs/Users/bytedance/codes/myself/madinah/src/styles/global.css
3:27:07 PM [vite] (client) hmr update /src/features/editor/MarkdownEditor.tsx, /@fs/Users/bytedance/codes/myself/madinah/src/styles/global.css
3:27:32 PM [vite] (client) hmr update /src/features/editor/MarkdownEditor.tsx, /@fs/Users/bytedance/codes/myself/madinah/src/styles/global.css
3:27:44 PM [vite] (client) hmr update /src/features/editor/MarkdownEditor.tsx, /@fs/Users/bytedance/codes/myself/madinah/src/styles/global.css
3:28:06 PM [vite] (client) hmr update /@fs/Users/bytedance/codes/myself/madinah/src/styles/global.css
3:28:21 PM [vite] (client) hmr update /@fs/Users/bytedance/codes/myself/madinah/src/styles/global.css
3:28:30 PM [vite] (client) hmr update /@fs/Users/bytedance/codes/myself/madinah/src/styles/global.css, /src/features/engine/EngineProvider.tsx
3:28:38 PM [vite] (client) hmr update /src/App.tsx, /src/features/engine/EngineProvider.tsx, /@fs/Users/bytedance/codes/myself/madinah/src/styles/global.css
3:28:45 PM [vite] (client) hmr update /src/App.tsx, /@fs/Users/bytedance/codes/myself/madinah/src/styles/global.css
3:28:51 PM [vite] (client) hmr update /src/features/engine/EngineProvider.tsx, /@fs/Users/bytedance/codes/myself/madinah/src/styles/global.css
3:29:13 PM [vite] (client) hmr update /src/features/engine/EngineProvider.tsx, /src/features/editor/MarkdownEditor.tsx, /@fs/Users/bytedance/codes/myself/madinah/src/styles/global.css
3:29:38 PM [vite] (client) hmr update /src/styles/app.css, /@fs/Users/bytedance/codes/myself/madinah/src/styles/global.css
3:29:43 PM [vite] (client) hmr update /src/features/editor/MarkdownEditor.tsx, /@fs/Users/bytedance/codes/myself/madinah/src/styles/global.css
3:29:43 PM [vite] (client) hmr update /@fs/Users/bytedance/codes/myself/madinah/src/styles/global.css
3:29:53 PM [vite] (client) hmr update /@fs/Users/bytedance/codes/myself/madinah/src/styles/global.css
3:30:11 PM [vite] (client) hmr update /@fs/Users/bytedance/codes/myself/madinah/src/styles/global.css
3:30:22 PM [vite] (client) hmr update /@fs/Users/bytedance/codes/myself/madinah/src/styles/global.css
3:30:32 PM [vite] (client) hmr update /@fs/Users/bytedance/codes/myself/madinah/src/styles/global.css
